<?xml version="1.0" encoding="UTF-8"?>
<!-- Generated by org.testng.reporters.JUnitReportReporter -->
<testsuite skipped="0" hostname="CDC2-D-49Y5N62" name="casestudy.addtocart.testCart" tests="1" failures="0" timestamp="18 Nov 2019 07:00:37 GMT" time="7.363" errors="0">
  <testcase name="cart" time="7.363" classname="casestudy.addtocart.testCart"/>
</testsuite> <!-- casestudy.addtocart.testCart -->
